[debug] [2022-07-26T00:48:13.660Z] ----------------------------------------------------------------------
[debug] [2022-07-26T00:48:13.662Z] Command:       C:\Program Files\nodejs\node.exe C:\Users\brady\AppData\Roaming\npm\node_modules\firebase-tools\lib\bin\firebase.js functions:shell
[debug] [2022-07-26T00:48:13.662Z] CLI Version:   11.3.0
[debug] [2022-07-26T00:48:13.662Z] Platform:      win32
[debug] [2022-07-26T00:48:13.662Z] Node Version:  v16.14.2
[debug] [2022-07-26T00:48:13.663Z] Time:          Mon Jul 25 2022 17:48:13 GMT-0700 (Pacific Daylight Time)
[debug] [2022-07-26T00:48:13.663Z] ----------------------------------------------------------------------
[debug] 
[debug] [2022-07-26T00:48:13.703Z] > command requires scopes: ["email","openid","https://www.googleapis.com/auth/cloudplatformprojects.readonly","https://www.googleapis.com/auth/firebase","https://www.googleapis.com/auth/cloud-platform"]
[debug] [2022-07-26T00:48:13.703Z] > authorizing via signed-in user (brady.diamond27@gmail.com)
[debug] [2022-07-26T00:48:13.704Z] [iam] checking project locale-86b21 for permissions ["firebase.projects.get"]
[debug] [2022-07-26T00:48:13.705Z] > refreshing access token with scopes: []
[debug] [2022-07-26T00:48:13.706Z] >>> [apiv2][query] POST https://www.googleapis.com/oauth2/v3/token [none]
[debug] [2022-07-26T00:48:13.706Z] >>> [apiv2][body] POST https://www.googleapis.com/oauth2/v3/token [omitted]
[debug] [2022-07-26T00:48:13.787Z] <<< [apiv2][status] POST https://www.googleapis.com/oauth2/v3/token 200
[debug] [2022-07-26T00:48:13.787Z] <<< [apiv2][body] POST https://www.googleapis.com/oauth2/v3/token [omitted]
[debug] [2022-07-26T00:48:13.798Z] >>> [apiv2][query] POST https://cloudresourcemanager.googleapis.com/v1/projects/locale-86b21:testIamPermissions [none]
[debug] [2022-07-26T00:48:13.799Z] >>> [apiv2][body] POST https://cloudresourcemanager.googleapis.com/v1/projects/locale-86b21:testIamPermissions {"permissions":["firebase.projects.get"]}
[debug] [2022-07-26T00:48:13.951Z] <<< [apiv2][status] POST https://cloudresourcemanager.googleapis.com/v1/projects/locale-86b21:testIamPermissions 200
[debug] [2022-07-26T00:48:13.952Z] <<< [apiv2][body] POST https://cloudresourcemanager.googleapis.com/v1/projects/locale-86b21:testIamPermissions {"permissions":["firebase.projects.get"]}
[debug] [2022-07-26T00:48:13.971Z] [functions] Using node@16 from host.
[debug] [2022-07-26T00:48:13.971Z] defaultcredentials: writing to file C:\Users\brady\AppData\Roaming\firebase\brady_diamond27_gmail.com_application_default_credentials.json
[debug] [2022-07-26T00:48:13.972Z] DEBUG: Setting GAC to C:\Users\brady\AppData\Roaming\firebase\brady_diamond27_gmail.com_application_default_credentials.json
[debug] [2022-07-26T00:48:13.972Z] >>> [apiv2][query] GET https://firebase.googleapis.com/v1beta1/projects/locale-86b21/adminSdkConfig [none]
[debug] [2022-07-26T00:48:14.217Z] <<< [apiv2][status] GET https://firebase.googleapis.com/v1beta1/projects/locale-86b21/adminSdkConfig 200
[debug] [2022-07-26T00:48:14.217Z] <<< [apiv2][body] GET https://firebase.googleapis.com/v1beta1/projects/locale-86b21/adminSdkConfig {"projectId":"locale-86b21","storageBucket":"locale-86b21.appspot.com"}
[debug] [2022-07-26T00:48:14.226Z] [functions] Watching "C:\Users\brady\Desktop\locale\functions" for Cloud Functions...
[debug] [2022-07-26T00:48:14.230Z] Validating nodejs source
[debug] [2022-07-26T00:48:16.039Z] > [functions] package.json contents: {
  "name": "functions",
  "description": "Cloud Functions for Firebase",
  "scripts": {
    "lint": "eslint .",
    "serve": "firebase emulators:start --only functions",
    "shell": "firebase functions:shell",
    "start": "npm run shell",
    "deploy": "firebase deploy --only functions",
    "logs": "firebase functions:log"
  },
  "engines": {
    "node": "16"
  },
  "main": "index.js",
  "dependencies": {
    "@material-ui/icons": "^4.11.3",
    "cors": "^2.8.5",
    "express": "^4.18.1",
    "firebase-admin": "^10.0.2",
    "firebase-functions": "^3.18.0",
    "stripe": "^9.15.0"
  },
  "devDependencies": {
    "eslint": "^8.9.0",
    "eslint-config-google": "^0.14.0",
    "firebase-functions-test": "^0.2.0"
  },
  "private": true
}
[debug] [2022-07-26T00:48:16.039Z] Building nodejs source
[debug] [2022-07-26T00:48:16.039Z] Analyzing nodejs backend spec
[debug] [2022-07-26T00:48:16.040Z] Could not find functions.yaml. Must use http discovery
[debug] [2022-07-26T00:48:16.203Z] Serving at port 9005

[debug] [2022-07-26T00:48:16.305Z] Got response from /__/functions.yaml {"endpoints":{"api":{"platform":"gcfv1","httpsTrigger":{},"entryPoint":"api"}},"specVersion":"v1alpha1","requiredAPIs":[]}
[debug] [2022-07-26T00:48:16.310Z] shutdown requested via /__/quitquitquit

[debug] [2022-07-26T00:48:16.317Z] [functions[us-central1-api]] http function initialized (http://localhost:5000/locale-86b21/us-central1/api).
[info] i  functions: Loaded functions: api 
[warn] !  functions: The following emulators are not running, calls to these services will affect production: firestore, database, pubsub, storage 
